19:49:51.207 [main] INFO  Main - Basic array №3: [8, 2, -7, 1, 13, 0, 7, 9]
19:49:51.210 [main] INFO  ArrayServiceImpl - The average is 4.125
19:49:51.210 [main] INFO  ArrayServiceImpl - The changed array is [2, 2, -4, 4, 16, 2, 10, 12]
19:49:51.210 [main] INFO  ArrayServiceImpl - The min is -7
19:49:51.210 [main] INFO  ArrayServiceImpl - The max is 13
19:49:51.210 [main] INFO  ArrayServiceImpl - The num of positives is 6
19:49:51.210 [main] INFO  ArrayServiceImpl - The num of negatives is 1
19:49:51.211 [main] INFO  ArrayServiceImpl - The sum is 33
19:49:51.211 [main] INFO  ArraySortServiceImpl - The original array: [8, 2, -7, 1, 13, 0, 7, 9]
19:49:51.211 [main] INFO  ArrayServiceImpl - The sum is 33
19:49:51.211 [main] INFO  ArrayServiceImpl - The average is 4.125
19:49:51.211 [main] INFO  ArrayServiceImpl - The min is -7
19:49:51.211 [main] INFO  ArrayServiceImpl - The max is 13
19:49:51.211 [main] INFO  ArraySortServiceImpl - The sorted array: [-7, 0, 1, 2, 7, 8, 9, 13] (insertion sort)
19:50:08.924 [main] INFO  Main - Basic array №1: [5, -2, 1, 16, 10, 3]
19:50:08.928 [main] INFO  ArrayServiceImpl - The average is 5.5
19:50:08.929 [main] INFO  ArrayServiceImpl - The changed array is [2, 2, 2]
19:50:08.930 [main] INFO  ArrayServiceImpl - The min is -2
19:50:08.930 [main] INFO  ArrayServiceImpl - The max is 16
19:50:08.931 [main] INFO  ArrayServiceImpl - The num of positives is 5
19:50:08.931 [main] INFO  ArrayServiceImpl - The num of negatives is 1
19:50:08.932 [main] INFO  ArrayServiceImpl - The sum is 33
19:50:08.932 [main] INFO  ArraySortServiceImpl - The original array: [5, -2, 1, 16, 10, 3]
19:50:08.932 [main] INFO  ArrayServiceImpl - The sum is 33
19:50:08.933 [main] INFO  ArrayServiceImpl - The average is 5.5
19:50:08.933 [main] INFO  ArrayServiceImpl - The min is -2
19:50:08.933 [main] INFO  ArrayServiceImpl - The max is 16
19:50:08.933 [main] INFO  ArraySortServiceImpl - The sorted array: [-2, 1, 3, 5, 10, 16] (bubble sort)
19:50:08.933 [main] INFO  Main - Basic array №2: [-6, -9, -4, -11, 1, 6, 5, -3, 0]
19:50:08.933 [main] INFO  ArrayServiceImpl - The average is -2.3333333333333335
19:50:08.934 [main] INFO  ArrayServiceImpl - The changed array is [2, 2, 2, 2]
19:50:08.934 [main] INFO  ArrayServiceImpl - The min is -11
19:50:08.934 [main] INFO  ArrayServiceImpl - The max is 6
19:50:08.934 [main] INFO  ArrayServiceImpl - The num of positives is 3
19:50:08.934 [main] INFO  ArrayServiceImpl - The num of negatives is 5
19:50:08.934 [main] INFO  ArrayServiceImpl - The sum is -21
19:50:08.934 [main] INFO  ArraySortServiceImpl - The original array: [-6, -9, -4, -11, 1, 6, 5, -3, 0]
19:50:08.934 [main] INFO  ArrayServiceImpl - The sum is -21
19:50:08.934 [main] INFO  ArrayServiceImpl - The average is -2.3333333333333335
19:50:08.935 [main] INFO  ArrayServiceImpl - The min is -11
19:50:08.935 [main] INFO  ArrayServiceImpl - The max is 6
19:50:08.935 [main] INFO  ArraySortServiceImpl - The sorted array: [-11, -9, -6, -4, -3, 0, 1, 5, 6] (selection sort)
19:50:08.935 [main] INFO  Main - Basic array №3: [8, 2, -7, 1, 13, 0, 7, 9]
19:50:08.935 [main] INFO  ArrayServiceImpl - The average is 4.125
19:50:08.935 [main] INFO  ArrayServiceImpl - The changed array is [2, 2, 2]
19:50:08.935 [main] INFO  ArrayServiceImpl - The min is -7
19:50:08.935 [main] INFO  ArrayServiceImpl - The max is 13
19:50:08.936 [main] INFO  ArrayServiceImpl - The num of positives is 6
19:50:08.936 [main] INFO  ArrayServiceImpl - The num of negatives is 1
19:50:08.936 [main] INFO  ArrayServiceImpl - The sum is 33
19:50:08.936 [main] INFO  ArraySortServiceImpl - The original array: [8, 2, -7, 1, 13, 0, 7, 9]
19:50:08.936 [main] INFO  ArrayServiceImpl - The sum is 33
19:50:08.936 [main] INFO  ArrayServiceImpl - The average is 4.125
19:50:08.936 [main] INFO  ArrayServiceImpl - The min is -7
19:50:08.936 [main] INFO  ArrayServiceImpl - The max is 13
19:50:08.936 [main] INFO  ArraySortServiceImpl - The sorted array: [-7, 0, 1, 2, 7, 8, 9, 13] (insertion sort)
20:13:30.866 [main] INFO  Main - Basic array №1: [5, -2, 1, 16, 10, 3]
20:13:30.870 [main] INFO  ArrayServiceImpl - The average is 5.5
20:13:30.873 [main] INFO  ArrayServiceImpl - Positives are plussed with 3
The changed array is [5, 1, 1, 19, 13, 3]
20:13:30.874 [main] INFO  ArrayServiceImpl - The min is -2
20:13:30.874 [main] INFO  ArrayServiceImpl - The max is 16
20:13:30.875 [main] INFO  ArrayServiceImpl - The num of positives is 5
20:13:30.875 [main] INFO  ArrayServiceImpl - The num of negatives is 1
20:13:30.875 [main] INFO  ArrayServiceImpl - The sum is 33
20:13:30.876 [main] INFO  ArraySortServiceImpl - The original array: [5, -2, 1, 16, 10, 3]
20:13:30.876 [main] INFO  ArrayServiceImpl - The sum is 33
20:13:30.876 [main] INFO  ArrayServiceImpl - The average is 5.5
20:13:30.876 [main] INFO  ArrayServiceImpl - The min is -2
20:13:30.876 [main] INFO  ArrayServiceImpl - The max is 16
20:13:30.877 [main] INFO  ArraySortServiceImpl - The sorted array: [-2, 1, 3, 5, 10, 16] (bubble sort)
20:13:30.877 [main] INFO  Main - Basic array №2: [-6, -9, -4, -11, 1, 6, 5, -3, 0]
20:13:30.877 [main] INFO  ArrayServiceImpl - The average is -2.3333333333333335
20:13:30.877 [main] INFO  ArrayServiceImpl - Positives are plussed with 5
The changed array is [-1, -9, 1, -11, 1, 11, 5, -3, 5]
20:13:30.877 [main] INFO  ArrayServiceImpl - The min is -11
20:13:30.877 [main] INFO  ArrayServiceImpl - The max is 6
20:13:30.878 [main] INFO  ArrayServiceImpl - The num of positives is 3
20:13:30.878 [main] INFO  ArrayServiceImpl - The num of negatives is 5
20:13:30.878 [main] INFO  ArrayServiceImpl - The sum is -21
20:13:30.878 [main] INFO  ArraySortServiceImpl - The original array: [-6, -9, -4, -11, 1, 6, 5, -3, 0]
20:13:30.878 [main] INFO  ArrayServiceImpl - The sum is -21
20:13:30.878 [main] INFO  ArrayServiceImpl - The average is -2.3333333333333335
20:13:30.878 [main] INFO  ArrayServiceImpl - The min is -11
20:13:30.878 [main] INFO  ArrayServiceImpl - The max is 6
20:13:30.879 [main] INFO  ArraySortServiceImpl - The sorted array: [-11, -9, -6, -4, -3, 0, 1, 5, 6] (selection sort)
20:13:30.879 [main] INFO  Main - Basic array №3: [8, 2, -7, 1, 13, 0, 7, 9]
20:13:30.879 [main] INFO  ArrayServiceImpl - The average is 4.125
20:13:30.879 [main] INFO  ArrayServiceImpl - Positives are plussed with 2
The changed array is [10, 4, -7, 1, 13, 2, 7, 9]
20:13:30.879 [main] INFO  ArrayServiceImpl - The min is -7
20:13:30.879 [main] INFO  ArrayServiceImpl - The max is 13
20:13:30.879 [main] INFO  ArrayServiceImpl - The num of positives is 6
20:13:30.879 [main] INFO  ArrayServiceImpl - The num of negatives is 1
20:13:30.879 [main] INFO  ArrayServiceImpl - The sum is 33
20:13:30.880 [main] INFO  ArraySortServiceImpl - The original array: [8, 2, -7, 1, 13, 0, 7, 9]
20:13:30.880 [main] INFO  ArrayServiceImpl - The sum is 33
20:13:30.880 [main] INFO  ArrayServiceImpl - The average is 4.125
20:13:30.880 [main] INFO  ArrayServiceImpl - The min is -7
20:13:30.880 [main] INFO  ArrayServiceImpl - The max is 13
20:13:30.880 [main] INFO  ArraySortServiceImpl - The sorted array: [-7, 0, 1, 2, 7, 8, 9, 13] (insertion sort)
20:16:38.081 [main] INFO  Main - Basic array №1: [5, -2, 1, 16, 10, 3]
20:16:38.086 [main] INFO  ArrayServiceImpl - The average is 5.5
20:16:38.090 [main] INFO  ArrayServiceImpl - Evens are plussed with 3
The changed array is [5, 1, 1, 19, 13, 3]
20:16:38.091 [main] INFO  ArrayServiceImpl - The min is -2
20:16:38.091 [main] INFO  ArrayServiceImpl - The max is 16
20:16:38.092 [main] INFO  ArrayServiceImpl - The num of positives is 5
20:16:38.093 [main] INFO  ArrayServiceImpl - The num of negatives is 1
20:16:38.093 [main] INFO  ArrayServiceImpl - The sum is 33
20:16:38.094 [main] INFO  ArraySortServiceImpl - The original array: [5, -2, 1, 16, 10, 3]
20:16:38.094 [main] INFO  ArrayServiceImpl - The sum is 33
20:16:38.094 [main] INFO  ArrayServiceImpl - The average is 5.5
20:16:38.095 [main] INFO  ArrayServiceImpl - The min is -2
20:16:38.095 [main] INFO  ArrayServiceImpl - The max is 16
20:16:38.095 [main] INFO  ArraySortServiceImpl - The sorted array: [-2, 1, 3, 5, 10, 16] (bubble sort)
20:16:38.095 [main] INFO  Main - Basic array №2: [-6, -9, -4, -11, 1, 6, 5, -3, 0]
20:16:38.096 [main] INFO  ArrayServiceImpl - The average is -2.3333333333333335
20:16:38.096 [main] INFO  ArrayServiceImpl - Evens are plussed with 5
The changed array is [-1, -9, 1, -11, 1, 11, 5, -3, 5]
20:16:38.096 [main] INFO  ArrayServiceImpl - The min is -11
20:16:38.096 [main] INFO  ArrayServiceImpl - The max is 6
20:16:38.096 [main] INFO  ArrayServiceImpl - The num of positives is 3
20:16:38.096 [main] INFO  ArrayServiceImpl - The num of negatives is 5
20:16:38.097 [main] INFO  ArrayServiceImpl - The sum is -21
20:16:38.097 [main] INFO  ArraySortServiceImpl - The original array: [-6, -9, -4, -11, 1, 6, 5, -3, 0]
20:16:38.097 [main] INFO  ArrayServiceImpl - The sum is -21
20:16:38.097 [main] INFO  ArrayServiceImpl - The average is -2.3333333333333335
20:16:38.097 [main] INFO  ArrayServiceImpl - The min is -11
20:16:38.097 [main] INFO  ArrayServiceImpl - The max is 6
20:16:38.098 [main] INFO  ArraySortServiceImpl - The sorted array: [-11, -9, -6, -4, -3, 0, 1, 5, 6] (selection sort)
20:16:38.098 [main] INFO  Main - Basic array №3: [8, 2, -7, 1, 13, 0, 7, 9]
20:16:38.098 [main] INFO  ArrayServiceImpl - The average is 4.125
20:16:38.098 [main] INFO  ArrayServiceImpl - Evens are plussed with 2
The changed array is [10, 4, -7, 1, 13, 2, 7, 9]
20:16:38.098 [main] INFO  ArrayServiceImpl - The min is -7
20:16:38.098 [main] INFO  ArrayServiceImpl - The max is 13
20:16:38.098 [main] INFO  ArrayServiceImpl - The num of positives is 6
20:16:38.099 [main] INFO  ArrayServiceImpl - The num of negatives is 1
20:16:38.099 [main] INFO  ArrayServiceImpl - The sum is 33
20:16:38.099 [main] INFO  ArraySortServiceImpl - The original array: [8, 2, -7, 1, 13, 0, 7, 9]
20:16:38.099 [main] INFO  ArrayServiceImpl - The sum is 33
20:16:38.099 [main] INFO  ArrayServiceImpl - The average is 4.125
20:16:38.099 [main] INFO  ArrayServiceImpl - The min is -7
20:16:38.099 [main] INFO  ArrayServiceImpl - The max is 13
20:16:38.100 [main] INFO  ArraySortServiceImpl - The sorted array: [-7, 0, 1, 2, 7, 8, 9, 13] (insertion sort)
20:22:03.787 [main] INFO  Main - Basic array №1: [5, -2, 1, 16, 10, 3]
20:22:03.791 [main] INFO  ArrayServiceImpl - The average is 5.5
20:22:03.793 [main] INFO  ArrayServiceImpl - Evens are plussed with 3
The changed array is [5, 1, 1, 19, 13, 3]
20:22:03.794 [main] INFO  ArrayServiceImpl - The min is -2
20:22:03.794 [main] INFO  ArrayServiceImpl - The max is 16
20:22:03.795 [main] INFO  ArrayServiceImpl - The num of positives is 5
20:22:03.795 [main] INFO  ArrayServiceImpl - The num of negatives is 1
20:22:03.796 [main] INFO  ArrayServiceImpl - The sum is 33
20:22:03.796 [main] INFO  ArraySortServiceImpl - The original array: [5, -2, 1, 16, 10, 3]
20:22:03.796 [main] INFO  ArrayServiceImpl - The sum is 33
20:22:03.796 [main] INFO  ArrayServiceImpl - The average is 5.5
20:22:03.796 [main] INFO  ArrayServiceImpl - The min is -2
20:22:03.797 [main] INFO  ArrayServiceImpl - The max is 16
20:22:03.797 [main] INFO  ArraySortServiceImpl - The sorted array: [-2, 1, 3, 5, 10, 16] (bubble sort)
20:22:03.797 [main] INFO  Main - Basic array №2: [-6, -9, -4, -11, 1, 6, 5, -3, 0]
20:22:03.797 [main] INFO  ArrayServiceImpl - The average is -2.3333333333333335
20:22:03.797 [main] INFO  ArrayServiceImpl - Evens are plussed with 5
The changed array is [-1, -9, 1, -11, 1, 11, 5, -3, 5]
20:22:03.797 [main] INFO  ArrayServiceImpl - The min is -11
20:22:03.797 [main] INFO  ArrayServiceImpl - The max is 6
20:22:03.797 [main] INFO  ArrayServiceImpl - The num of positives is 3
20:22:03.798 [main] INFO  ArrayServiceImpl - The num of negatives is 5
20:22:03.798 [main] INFO  ArrayServiceImpl - The sum is -21
20:22:03.798 [main] INFO  ArraySortServiceImpl - The original array: [-6, -9, -4, -11, 1, 6, 5, -3, 0]
20:22:03.798 [main] INFO  ArrayServiceImpl - The sum is -21
20:22:03.798 [main] INFO  ArrayServiceImpl - The average is -2.3333333333333335
20:22:03.798 [main] INFO  ArrayServiceImpl - The min is -11
20:22:03.798 [main] INFO  ArrayServiceImpl - The max is 6
20:22:03.798 [main] INFO  ArraySortServiceImpl - The sorted array: [-11, -9, -6, -4, -3, 0, 1, 5, 6] (selection sort)
20:22:03.798 [main] INFO  Main - Basic array №3: [8, 2, -7, 1, 13, 0, 7, 9]
20:22:03.799 [main] INFO  ArrayServiceImpl - The average is 4.125
20:22:03.799 [main] INFO  ArrayServiceImpl - Evens are plussed with 2
The changed array is [10, 4, -7, 1, 13, 2, 7, 9]
20:22:03.799 [main] INFO  ArrayServiceImpl - The min is -7
20:22:03.799 [main] INFO  ArrayServiceImpl - The max is 13
20:22:03.799 [main] INFO  ArrayServiceImpl - The num of positives is 6
20:22:03.799 [main] INFO  ArrayServiceImpl - The num of negatives is 1
20:22:03.799 [main] INFO  ArrayServiceImpl - The sum is 33
20:22:03.799 [main] INFO  ArraySortServiceImpl - The original array: [8, 2, -7, 1, 13, 0, 7, 9]
20:22:03.799 [main] INFO  ArrayServiceImpl - The sum is 33
20:22:03.799 [main] INFO  ArrayServiceImpl - The average is 4.125
20:22:03.799 [main] INFO  ArrayServiceImpl - The min is -7
20:22:03.799 [main] INFO  ArrayServiceImpl - The max is 13
20:22:03.800 [main] INFO  ArraySortServiceImpl - The sorted array: [-7, 0, 1, 2, 7, 8, 9, 13] (insertion sort)
20:22:42.715 [main] INFO  Main - Basic array №1: [5, -2, 1, 16, 10, 3]
20:22:42.719 [main] INFO  ArrayServiceImpl - The average is 5.5
20:22:42.721 [main] INFO  ArrayServiceImpl - Evens are plussed with 3
The changed array is [5, 1, 1, 19, 13, 3]
20:22:42.722 [main] INFO  ArrayServiceImpl - Odds are plussed with 5
The changed array is [10, -2, 6, 16, 10, 8]
20:22:42.722 [main] INFO  ArrayServiceImpl - The min is -2
20:22:42.723 [main] INFO  ArrayServiceImpl - The max is 16
20:22:42.723 [main] INFO  ArrayServiceImpl - The num of positives is 5
20:22:42.723 [main] INFO  ArrayServiceImpl - The num of negatives is 1
20:22:42.724 [main] INFO  ArrayServiceImpl - The sum is 33
20:22:42.724 [main] INFO  ArraySortServiceImpl - The original array: [5, -2, 1, 16, 10, 3]
20:22:42.724 [main] INFO  ArrayServiceImpl - The sum is 33
20:22:42.725 [main] INFO  ArrayServiceImpl - The average is 5.5
20:22:42.725 [main] INFO  ArrayServiceImpl - The min is -2
20:22:42.725 [main] INFO  ArrayServiceImpl - The max is 16
20:22:42.725 [main] INFO  ArraySortServiceImpl - The sorted array: [-2, 1, 3, 5, 10, 16] (bubble sort)
20:22:42.725 [main] INFO  Main - Basic array №2: [-6, -9, -4, -11, 1, 6, 5, -3, 0]
20:22:42.725 [main] INFO  ArrayServiceImpl - The average is -2.3333333333333335
20:22:42.725 [main] INFO  ArrayServiceImpl - Evens are plussed with 5
The changed array is [-1, -9, 1, -11, 1, 11, 5, -3, 5]
20:22:42.726 [main] INFO  ArrayServiceImpl - The min is -11
20:22:42.726 [main] INFO  ArrayServiceImpl - The max is 6
20:22:42.726 [main] INFO  ArrayServiceImpl - The num of positives is 3
20:22:42.726 [main] INFO  ArrayServiceImpl - The num of negatives is 5
20:22:42.726 [main] INFO  ArrayServiceImpl - The sum is -21
20:22:42.726 [main] INFO  ArraySortServiceImpl - The original array: [-6, -9, -4, -11, 1, 6, 5, -3, 0]
20:22:42.726 [main] INFO  ArrayServiceImpl - The sum is -21
20:22:42.726 [main] INFO  ArrayServiceImpl - The average is -2.3333333333333335
20:22:42.726 [main] INFO  ArrayServiceImpl - The min is -11
20:22:42.726 [main] INFO  ArrayServiceImpl - The max is 6
20:22:42.727 [main] INFO  ArraySortServiceImpl - The sorted array: [-11, -9, -6, -4, -3, 0, 1, 5, 6] (selection sort)
20:22:42.727 [main] INFO  Main - Basic array №3: [8, 2, -7, 1, 13, 0, 7, 9]
20:22:42.727 [main] INFO  ArrayServiceImpl - The average is 4.125
20:22:42.727 [main] INFO  ArrayServiceImpl - Evens are plussed with 2
The changed array is [10, 4, -7, 1, 13, 2, 7, 9]
20:22:42.727 [main] INFO  ArrayServiceImpl - The min is -7
20:22:42.727 [main] INFO  ArrayServiceImpl - The max is 13
20:22:42.728 [main] INFO  ArrayServiceImpl - The num of positives is 6
20:22:42.728 [main] INFO  ArrayServiceImpl - The num of negatives is 1
20:22:42.728 [main] INFO  ArrayServiceImpl - The sum is 33
20:22:42.728 [main] INFO  ArraySortServiceImpl - The original array: [8, 2, -7, 1, 13, 0, 7, 9]
20:22:42.728 [main] INFO  ArrayServiceImpl - The sum is 33
20:22:42.728 [main] INFO  ArrayServiceImpl - The average is 4.125
20:22:42.728 [main] INFO  ArrayServiceImpl - The min is -7
20:22:42.728 [main] INFO  ArrayServiceImpl - The max is 13
20:22:42.729 [main] INFO  ArraySortServiceImpl - The sorted array: [-7, 0, 1, 2, 7, 8, 9, 13] (insertion sort)
